Using pre-set license
Built from '2020.3/staging' branch; Version is '2020.3.13f1 (71691879b7f5) revision 7432472'; Using compiler version '192528614'; Build Type 'Release'
OS: 'Windows 10 Home; OS build 19042.1526; Version 2009; 64bit' Language: 'en' Physical Memory: 16258 MB
BatchMode: 1, IsHumanControllingUs: 0, StartBugReporterOnCrash: 0, Is64bit: 1, IsPro: 0

 COMMAND LINE ARGUMENTS:
C:\Program Files\Unity\Hub\Editor\2020.3.13f1\Editor\Unity.exe
-adb2
-batchMode
-noUpm
-name
AssetImportWorker0
-projectPath
D:/Unity Projects/Drive-by-English/Drive-by-English/City Generator 1
-logFile
Logs/AssetImportWorker0.log
-srvPort
1074
Successfully changed project path to: D:/Unity Projects/Drive-by-English/Drive-by-English/City Generator 1
D:/Unity Projects/Drive-by-English/Drive-by-English/City Generator 1
Using Asset Import Pipeline V2.
Refreshing native plugins compatible for Editor in 41.75 ms, found 2 plugins.
Preloading 0 native plugins for Editor in 0.00 ms.
Initialize engine version: 2020.3.13f1 (71691879b7f5)
[Subsystems] Discovering subsystems at path C:/Program Files/Unity/Hub/Editor/2020.3.13f1/Editor/Data/Resources/UnitySubsystems
[Subsystems] Discovering subsystems at path D:/Unity Projects/Drive-by-English/Drive-by-English/City Generator 1/Assets
GfxDevice: creating device client; threaded=0
Direct3D:
    Version:  Direct3D 11.0 [level 11.1]
    Renderer: NVIDIA GeForce RTX 2080 (ID=0x1e82)
    Vendor:   
    VRAM:     8010 MB
    Driver:   30.0.14.7208
Initialize mono
Mono path[0] = 'C:/Program Files/Unity/Hub/Editor/2020.3.13f1/Editor/Data/Managed'
Mono path[1] = 'C:/Program Files/Unity/Hub/Editor/2020.3.13f1/Editor/Data/MonoBleedingEdge/lib/mono/unityjit'
Mono config path = 'C:/Program Files/Unity/Hub/Editor/2020.3.13f1/Editor/Data/MonoBleedingEdge/etc'
Using monoOptions --debugger-agent=transport=dt_socket,embedding=1,server=y,suspend=n,address=127.0.0.1:56428
Begin MonoManager ReloadAssembly
Registering precompiled unity dll's ...
Register platform support module: C:/Program Files/Unity/Hub/Editor/2020.3.13f1/Editor/Data/PlaybackEngines/WindowsStandaloneSupport/UnityEditor.WindowsStandalone.Extensions.dll
Registered in 0.001982 seconds.
Native extension for WindowsStandalone target not found
Refreshing native plugins compatible for Editor in 41.10 ms, found 2 plugins.
Preloading 0 native plugins for Editor in 0.00 ms.
Mono: successfully reloaded assembly
- Completed reload, in  1.692 seconds
Platform modules already initialized, skipping
Registering precompiled user dll's ...
Registered in 0.002549 seconds.
Begin MonoManager ReloadAssembly
Native extension for WindowsStandalone target not found
Refreshing native plugins compatible for Editor in 0.42 ms, found 2 plugins.
Preloading 0 native plugins for Editor in 0.00 ms.
Mono: successfully reloaded assembly
- Completed reload, in  0.929 seconds
Platform modules already initialized, skipping
========================================================================
Worker process is ready to serve import requests
Launched and connected shader compiler UnityShaderCompiler.exe after 0.05 seconds
Refreshing native plugins compatible for Editor in 0.44 ms, found 2 plugins.
Preloading 0 native plugins for Editor in 0.00 ms.
Unloading 1454 Unused Serialized files (Serialized files now loaded: 0)
System memory in use before: 75.6 MB.
System memory in use after: 75.7 MB.

Unloading 19 unused Assets to reduce memory usage. Loaded Objects now: 1900.
Total: 1.752400 ms (FindLiveObjects: 0.126600 ms CreateObjectMapping: 0.042700 ms MarkObjects: 1.491400 ms  DeleteObjects: 0.090900 ms)

AssetImportParameters requested are different than current active one (requested -> active):
  custom:framework-win-MediaFoundation: 216162199b28c13a410421893ffa2e32 -> 
  custom:video-decoder-ogg-theora: a1e56fd34408186e4bbccfd4996cb3dc -> 
  custom:container-muxer-webm: aa71ff27fc2769a1b78a27578f13a17b -> 
  custom:container-demuxer-webm: 4f35f7cbe854078d1ac9338744f61a02 -> 
  custom:container-demuxer-ogg: 62fdf1f143b41e24485cea50d1cbac27 -> 
  custom:video-encoder-webm-vp8: eb34c28f22e8b96e1ab97ce403110664 -> 
  custom:video-codec-MediaFoundation-h265: 746d11721c4dcdbdad8f713fa42b33f4 -> 
  custom:video-decoder-webm-vp8: 9c59270c3fd7afecdb556c50c9e8de78 -> 
  custom:audio-decoder-ogg-vorbis: bf7c407c2cedff20999df2af8eb42d56 -> 
  custom:audio-encoder-webm-vorbis: bf7c407c2cedff20999df2af8eb42d56 -> 
========================================================================
Received Import Request.
  path: Assets/Minimap Texture.renderTexture
  artifactKey: Guid(3bcdf4534d2fae64ba4f62a9afe25386) Importer(815301076,1909f56bfc062723c751e8b465ee728b)
Start importing Assets/Minimap Texture.renderTexture using Guid(3bcdf4534d2fae64ba4f62a9afe25386) Importer(815301076,1909f56bfc062723c751e8b465ee728b)  -> (artifact id: '0331ef0f0665a97242e7fc89d4cf8aa3') in 0.089232 seconds 
  Import took 0.092318 seconds .

========================================================================
Received Import Request.
  Time since last request: 0.000161 seconds.
  path: Assets/109097090-cars-vehicles-acura-traffic-in.wav
  artifactKey: Guid(22b97e4981e84914690e02d7f707eb9d) Importer(815301076,1909f56bfc062723c751e8b465ee728b)
Start importing Assets/109097090-cars-vehicles-acura-traffic-in.wav using Guid(22b97e4981e84914690e02d7f707eb9d) Importer(815301076,1909f56bfc062723c751e8b465ee728b)  -> (artifact id: '6dfcded78583b0cf3ea0948b41d03e7c') in 0.068750 seconds 
  Import took 0.070867 seconds .

========================================================================
Received Import Request.
  Time since last request: 8.788566 seconds.
  path: Assets/109097090-cars-vehicles-acura-traffic-in.wav
  artifactKey: Guid(22b97e4981e84914690e02d7f707eb9d) Importer(815301076,1909f56bfc062723c751e8b465ee728b)
Start importing Assets/109097090-cars-vehicles-acura-traffic-in.wav using Guid(22b97e4981e84914690e02d7f707eb9d) Importer(815301076,1909f56bfc062723c751e8b465ee728b)  -> (artifact id: '6dfcded78583b0cf3ea0948b41d03e7c') in 0.010227 seconds 
  Import took 0.012501 seconds .

========================================================================
Received Import Request.
  Time since last request: 87.550355 seconds.
  path: Assets/Question/Overlay.mat
  artifactKey: Guid(ea63819f7d28098468d8abf3f66d86aa) Importer(815301076,1909f56bfc062723c751e8b465ee728b)
Start importing Assets/Question/Overlay.mat using Guid(ea63819f7d28098468d8abf3f66d86aa) Importer(815301076,1909f56bfc062723c751e8b465ee728b)  -> (artifact id: 'b7c33773236eccc32bf543e33dc8c0c6') in 0.051950 seconds 
  Import took 0.054512 seconds .

========================================================================
Received Import Request.
  Time since last request: 0.000249 seconds.
  path: Assets/Question/Question.prefab
  artifactKey: Guid(0b0456569e3cc7a4d86ee9ad4d66af9d) Importer(815301076,1909f56bfc062723c751e8b465ee728b)
Start importing Assets/Question/Question.prefab using Guid(0b0456569e3cc7a4d86ee9ad4d66af9d) Importer(815301076,1909f56bfc062723c751e8b465ee728b)  -> (artifact id: 'ed58234d93edf8cb605d03d6cfd9eedd') in 0.067724 seconds 
  Import took 0.070145 seconds .

========================================================================
Received Import Request.
  Time since last request: 0.000160 seconds.
  path: Assets/Question/Repeat Word.prefab
  artifactKey: Guid(3ef4b14cf09c986478c89a2645bc7dbb) Importer(815301076,1909f56bfc062723c751e8b465ee728b)
Start importing Assets/Question/Repeat Word.prefab using Guid(3ef4b14cf09c986478c89a2645bc7dbb) Importer(815301076,1909f56bfc062723c751e8b465ee728b)  -> (artifact id: 'e11c586d713beba290bbf6ed65f87c2b') in 0.028252 seconds 
  Import took 0.030385 seconds .

========================================================================
Received Import Request.
  Time since last request: 27.818338 seconds.
  path: Assets/Resources
  artifactKey: Guid(f7b828c0f2184c74e9ed13962e9cf759) Importer(815301076,1909f56bfc062723c751e8b465ee728b)
Start importing Assets/Resources using Guid(f7b828c0f2184c74e9ed13962e9cf759) Importer(815301076,1909f56bfc062723c751e8b465ee728b)  -> (artifact id: '01965825284fa486828d0ccdf9f93aed') in 0.004939 seconds 
  Import took 0.007064 seconds .

========================================================================
Received Import Request.
  Time since last request: 0.009494 seconds.
  path: Assets/Resources
  artifactKey: Guid(f7b828c0f2184c74e9ed13962e9cf759) Importer(815301076,1909f56bfc062723c751e8b465ee728b)
Start importing Assets/Resources using Guid(f7b828c0f2184c74e9ed13962e9cf759) Importer(815301076,1909f56bfc062723c751e8b465ee728b)  -> (artifact id: '01965825284fa486828d0ccdf9f93aed') in 0.002587 seconds 
  Import took 0.005522 seconds .

========================================================================
Received Import Request.
  Time since last request: 0.800147 seconds.
  path: Assets/Resources/Text
  artifactKey: Guid(df861bed2f196f946a0d6e07627a5c3b) Importer(815301076,1909f56bfc062723c751e8b465ee728b)
Start importing Assets/Resources/Text using Guid(df861bed2f196f946a0d6e07627a5c3b) Importer(815301076,1909f56bfc062723c751e8b465ee728b)  -> (artifact id: 'dca40c527cbbb38aa8edc44999e39b3f') in 0.004850 seconds 
  Import took 0.007040 seconds .

========================================================================
Received Import Request.
  Time since last request: 0.694233 seconds.
  path: Assets/Resources/Text/Translations.txt
  artifactKey: Guid(8a8e412f66475b24ab823162e5008490) Importer(815301076,1909f56bfc062723c751e8b465ee728b)
Start importing Assets/Resources/Text/Translations.txt using Guid(8a8e412f66475b24ab823162e5008490) Importer(815301076,1909f56bfc062723c751e8b465ee728b)  -> (artifact id: '788252647517356289ad31291aac4c39') in 0.007975 seconds 
  Import took 0.010203 seconds .

========================================================================
Received Import Request.
  Time since last request: 0.024186 seconds.
  path: Assets/Resources/Text/Translations.txt
  artifactKey: Guid(8a8e412f66475b24ab823162e5008490) Importer(815301076,1909f56bfc062723c751e8b465ee728b)
Start importing Assets/Resources/Text/Translations.txt using Guid(8a8e412f66475b24ab823162e5008490) Importer(815301076,1909f56bfc062723c751e8b465ee728b)  -> (artifact id: '788252647517356289ad31291aac4c39') in 0.002015 seconds 
  Import took 0.004238 seconds .

========================================================================
Received Import Request.
  Time since last request: 25.138220 seconds.
  path: Assets/Scenes/Level1.unity
  artifactKey: Guid(df03cf68df13c2a40baebebb4d38fd20) Importer(815301076,1909f56bfc062723c751e8b465ee728b)
Start importing Assets/Scenes/Level1.unity using Guid(df03cf68df13c2a40baebebb4d38fd20) Importer(815301076,1909f56bfc062723c751e8b465ee728b)  -> (artifact id: '66942ee181593d02d0c06359c5fade8c') in 0.005334 seconds 
  Import took 0.007959 seconds .

========================================================================
Received Import Request.
  Time since last request: 11.776369 seconds.
  path: Assets/Scenes/Main.unity
  artifactKey: Guid(9fc0d4010bbf28b4594072e72b8655ab) Importer(815301076,1909f56bfc062723c751e8b465ee728b)
Start importing Assets/Scenes/Main.unity using Guid(9fc0d4010bbf28b4594072e72b8655ab) Importer(815301076,1909f56bfc062723c751e8b465ee728b)  -> (artifact id: '3091a3c73184285c2ef21c8c007d7ecb') in 0.005672 seconds 
  Import took 0.007951 seconds .

========================================================================
Received Prepare
Registering precompiled user dll's ...
Registered in 0.002396 seconds.
Begin MonoManager ReloadAssembly
Native extension for WindowsStandalone target not found
Refreshing native plugins compatible for Editor in 0.40 ms, found 2 plugins.
Preloading 0 native plugins for Editor in 0.00 ms.
Mono: successfully reloaded assembly
- Completed reload, in  0.873 seconds
Platform modules already initialized, skipping
Switching build target platform(19) subTarget(0) extendedPlatform(0) -> platform(13) subTarget(537395200) extendedPlatform(0)
Refreshing native plugins compatible for Editor in 0.42 ms, found 2 plugins.
Preloading 0 native plugins for Editor in 0.00 ms.
Unloading 1434 Unused Serialized files (Serialized files now loaded: 0)
System memory in use before: 76.4 MB.
System memory in use after: 76.4 MB.

Unloading 14 unused Assets to reduce memory usage. Loaded Objects now: 1950.
Total: 1.962900 ms (FindLiveObjects: 0.133200 ms CreateObjectMapping: 0.037200 ms MarkObjects: 1.746900 ms  DeleteObjects: 0.044700 ms)

AssetImportParameters requested are different than current active one (requested -> active):
  custom:framework-win-MediaFoundation: 216162199b28c13a410421893ffa2e32 -> 
  custom:video-decoder-ogg-theora: a1e56fd34408186e4bbccfd4996cb3dc -> 
  custom:container-muxer-webm: aa71ff27fc2769a1b78a27578f13a17b -> 
  custom:container-demuxer-webm: 4f35f7cbe854078d1ac9338744f61a02 -> 
  custom:container-demuxer-ogg: 62fdf1f143b41e24485cea50d1cbac27 -> 
  custom:video-encoder-webm-vp8: eb34c28f22e8b96e1ab97ce403110664 -> 
  custom:video-codec-MediaFoundation-h265: 746d11721c4dcdbdad8f713fa42b33f4 -> 
  custom:video-decoder-webm-vp8: 9c59270c3fd7afecdb556c50c9e8de78 -> 
  custom:graphics/normal-map-encoding: 01000000000000000000000000000000 -> 02000000000000000000000000000000
  custom:audio-decoder-ogg-vorbis: bf7c407c2cedff20999df2af8eb42d56 -> 
  custom:audio-encoder-webm-vorbis: bf7c407c2cedff20999df2af8eb42d56 -> 
========================================================================
Received Prepare
Registering precompiled user dll's ...
Registered in 0.003207 seconds.
Begin MonoManager ReloadAssembly
Native extension for WindowsStandalone target not found
Refreshing native plugins compatible for Editor in 0.46 ms, found 2 plugins.
Preloading 0 native plugins for Editor in 0.00 ms.
Mono: successfully reloaded assembly
- Completed reload, in  1.071 seconds
Platform modules already initialized, skipping
Switching build target platform(19) subTarget(0) extendedPlatform(0) -> platform(13) subTarget(537395200) extendedPlatform(0)
Refreshing native plugins compatible for Editor in 0.42 ms, found 2 plugins.
Preloading 0 native plugins for Editor in 0.00 ms.
Unloading 1434 Unused Serialized files (Serialized files now loaded: 0)
System memory in use before: 76.4 MB.
System memory in use after: 76.5 MB.

Unloading 14 unused Assets to reduce memory usage. Loaded Objects now: 1953.
Total: 1.991300 ms (FindLiveObjects: 0.184000 ms CreateObjectMapping: 0.053600 ms MarkObjects: 1.707300 ms  DeleteObjects: 0.045300 ms)

AssetImportParameters requested are different than current active one (requested -> active):
  custom:framework-win-MediaFoundation: 216162199b28c13a410421893ffa2e32 -> 
  custom:video-decoder-ogg-theora: a1e56fd34408186e4bbccfd4996cb3dc -> 
  custom:container-muxer-webm: aa71ff27fc2769a1b78a27578f13a17b -> 
  custom:container-demuxer-webm: 4f35f7cbe854078d1ac9338744f61a02 -> 
  custom:container-demuxer-ogg: 62fdf1f143b41e24485cea50d1cbac27 -> 
  custom:video-encoder-webm-vp8: eb34c28f22e8b96e1ab97ce403110664 -> 
  custom:video-codec-MediaFoundation-h265: 746d11721c4dcdbdad8f713fa42b33f4 -> 
  custom:video-decoder-webm-vp8: 9c59270c3fd7afecdb556c50c9e8de78 -> 
  custom:graphics/normal-map-encoding: 01000000000000000000000000000000 -> 02000000000000000000000000000000
  custom:audio-decoder-ogg-vorbis: bf7c407c2cedff20999df2af8eb42d56 -> 
  custom:audio-encoder-webm-vorbis: bf7c407c2cedff20999df2af8eb42d56 -> 
AssetImportWorkerClient::OnTransportError - code=2 error=End of file
